"Start of log file."
"E:/werewolf-tensorflow-client/Game_Edit/werewolf/Assets/human/Human_2.0_Main_Chac.max"
"Starting max loading and fbx conversion"
window = undefined
"Settings units"
"Before fbx export"
"After fbx export"
"Finished max loading and fbx conversion"
"E:/werewolf-tensorflow-client/Game_Edit/werewolf/Assets/human/Human_2.0_Main_Chac.max"
"Starting max loading and fbx conversion"
window = undefined
"Settings units"
"Before fbx export"
"After fbx export"
"Finished max loading and fbx conversion"
"E:/werewolf-tensorflow-client/Game_Edit/werewolf/Assets/Background/Ground.max"
"Starting max loading and fbx conversion"
window = undefined
"Settings units"
"Before fbx export"
"After fbx export"
"Finished max loading and fbx conversion"
"E:/werewolf-tensorflow-client/Game_Edit/werewolf/Assets/Background/Ground.max"
"Starting max loading and fbx conversion"
window = undefined
"Settings units"
"Before fbx export"
"After fbx export"
"Finished max loading and fbx conversion"
"E:/werewolf-tensorflow-client/Game_Edit/werewolf/Assets/human/Human_2.0.max"
"Starting max loading and fbx conversion"
window = undefined
"Settings units"
"Before fbx export"
"After fbx export"
"Finished max loading and fbx conversion"
"E:/werewolf-tensorflow-client/Game_Edit/werewolf/Assets/Background/Ground.max"
"Starting max loading and fbx conversion"
window = undefined
"Settings units"
"Before fbx export"
"After fbx export"
"Finished max loading and fbx conversion"
"E:/werewolf-tensorflow-client/Game_Edit/werewolf/Assets/Background/Ground.max"
"Starting max loading and fbx conversion"
window = undefined
"Settings units"
"Before fbx export"
"After fbx export"
"Finished max loading and fbx conversion"
"E:/werewolf-tensorflow-client/Game_Edit/werewolf/Assets/Background/Ground.max"
"Starting max loading and fbx conversion"
window = undefined
"Settings units"
"Before fbx export"
"After fbx export"
"Finished max loading and fbx conversion"
"E:/werewolf-tensorflow-client/Game_Edit/werewolf/Assets/Background/Ground.max"
"Starting max loading and fbx conversion"
window = undefined
"Settings units"
"Before fbx export"
"After fbx export"
"Finished max loading and fbx conversion"
"E:/werewolf-tensorflow-client/Game_Edit/werewolf/Assets/Background/Ground.max"
"Starting max loading and fbx conversion"
window = undefined
"Settings units"
"Before fbx export"
"After fbx export"
"Finished max loading and fbx conversion"
"E:/werewolf-tensorflow-client/Game_Edit/werewolf/Assets/Background/Ground.max"
"Starting max loading and fbx conversion"
window = undefined
"Settings units"
"Before fbx export"
"After fbx export"
"Finished max loading and fbx conversion"
"E:/werewolf-tensorflow-client/Game_Edit/werewolf/Assets/Background/Ground.max"
"Starting max loading and fbx conversion"
window = undefined
"Settings units"
"Before fbx export"
"After fbx export"
"Finished max loading and fbx conversion"
